{"total": {"lines":{"total":213,"covered":163,"skipped":0,"pct":76.52},"statements":{"total":217,"covered":165,"skipped":0,"pct":76.03},"functions":{"total":31,"covered":22,"skipped":0,"pct":70.96},"branches":{"total":112,"covered":76,"skipped":0,"pct":67.85},"branchesTrue":{"total":0,"covered":0,"skipped":0,"pct":100}}
,"/home/pratap/EthereumEip712Signature2021Suite/src/index.ts": {"lines":{"total":2,"covered":2,"skipped":0,"pct":100},"functions":{"total":0,"covered":0,"skipped":0,"pct":100},"statements":{"total":2,"covered":2,"skipped":0,"pct":100},"branches":{"total":0,"covered":0,"skipped":0,"pct":100}}
,"/home/pratap/EthereumEip712Signature2021Suite/src/Context/v1/index.ts": {"lines":{"total":16,"covered":13,"skipped":0,"pct":81.25},"functions":{"total":2,"covered":0,"skipped":0,"pct":0},"statements":{"total":18,"covered":14,"skipped":0,"pct":77.77},"branches":{"total":2,"covered":0,"skipped":0,"pct":0}}
,"/home/pratap/EthereumEip712Signature2021Suite/src/EthereumEip712Signature2021/EthereumEip712Signature2021.ts": {"lines":{"total":145,"covered":102,"skipped":0,"pct":70.34},"functions":{"total":21,"covered":14,"skipped":0,"pct":66.66},"statements":{"total":147,"covered":103,"skipped":0,"pct":70.06},"branches":{"total":82,"covered":54,"skipped":0,"pct":65.85}}
,"/home/pratap/EthereumEip712Signature2021Suite/src/TypedData/Eip712Types.ts": {"lines":{"total":44,"covered":40,"skipped":0,"pct":90.9},"functions":{"total":7,"covered":7,"skipped":0,"pct":100},"statements":{"total":44,"covered":40,"skipped":0,"pct":90.9},"branches":{"total":24,"covered":20,"skipped":0,"pct":83.33}}
,"/home/pratap/EthereumEip712Signature2021Suite/src/utils/index.ts": {"lines":{"total":6,"covered":6,"skipped":0,"pct":100},"functions":{"total":1,"covered":1,"skipped":0,"pct":100},"statements":{"total":6,"covered":6,"skipped":0,"pct":100},"branches":{"total":4,"covered":2,"skipped":0,"pct":50}}
}
