TN:
SF:src/index.ts
FNF:0
FNH:0
DA:1,1
DA:10,1
LF:2
LH:2
BRF:0
BRH:0
end_of_record
TN:
SF:src/Context/v1/index.ts
FN:38,(anonymous_8)
FN:38,(anonymous_9)
FNF:2
FNH:0
FNDA:0,(anonymous_8)
FNDA:0,(anonymous_9)
DA:1,1
DA:2,1
DA:3,1
DA:4,1
DA:5,1
DA:6,1
DA:7,1
DA:8,1
DA:9,1
DA:12,1
DA:13,1
DA:38,1
DA:39,0
DA:40,0
DA:46,0
DA:51,1
LF:16
LH:13
BRDA:39,0,0,0
BRDA:39,0,1,0
BRF:2
BRH:0
end_of_record
TN:
SF:src/EthereumEip712Signature2021/EthereumEip712Signature2021.ts
FN:26,(anonymous_14)
FN:26,(anonymous_15)
FN:60,(anonymous_16)
FN:83,(anonymous_17)
FN:90,(anonymous_18)
FN:110,(anonymous_20)
FN:123,(anonymous_21)
FN:139,(anonymous_23)
FN:152,(anonymous_24)
FN:166,(anonymous_26)
FN:232,(anonymous_28)
FN:299,(anonymous_30)
FN:304,(anonymous_31)
FN:310,(anonymous_32)
FN:322,(anonymous_34)
FN:339,(anonymous_35)
FN:372,(anonymous_37)
FN:398,(anonymous_38)
FN:411,(anonymous_39)
FN:412,(anonymous_41)
FN:419,(anonymous_42)
FNF:21
FNH:14
FNDA:18,(anonymous_14)
FNDA:18,(anonymous_15)
FNDA:4,(anonymous_16)
FNDA:0,(anonymous_17)
FNDA:0,(anonymous_18)
FNDA:4,(anonymous_20)
FNDA:0,(anonymous_21)
FNDA:0,(anonymous_23)
FNDA:6,(anonymous_24)
FNDA:3,(anonymous_26)
FNDA:3,(anonymous_28)
FNDA:12,(anonymous_30)
FNDA:6,(anonymous_31)
FNDA:6,(anonymous_32)
FNDA:3,(anonymous_34)
FNDA:3,(anonymous_35)
FNDA:3,(anonymous_37)
FNDA:3,(anonymous_38)
FNDA:0,(anonymous_39)
FNDA:0,(anonymous_41)
FNDA:0,(anonymous_42)
DA:2,1
DA:3,1
DA:7,1
DA:9,1
DA:10,1
DA:13,1
DA:16,1
DA:18,1
DA:19,1
DA:23,1
DA:24,1
DA:26,18
DA:27,18
DA:28,12
DA:36,6
DA:41,1
DA:43,1
DA:62,4
DA:63,4
DA:64,4
DA:65,4
DA:67,4
DA:69,4
DA:70,4
DA:74,4
DA:75,4
DA:76,0
DA:78,4
DA:84,0
DA:85,0
DA:87,0
DA:91,0
DA:92,0
DA:95,0
DA:97,0
DA:98,0
DA:99,0
DA:100,0
DA:101,0
DA:102,0
DA:103,0
DA:111,4
DA:113,4
DA:114,4
DA:115,4
DA:116,4
DA:124,0
DA:125,0
DA:127,0
DA:128,0
DA:129,0
DA:130,0
DA:140,0
DA:153,6
DA:161,6
DA:162,6
DA:163,6
DA:167,3
DA:173,3
DA:175,3
DA:176,0
DA:179,3
DA:180,3
DA:181,0
DA:184,3
DA:185,3
DA:187,3
DA:188,3
DA:190,3
DA:194,3
DA:202,3
DA:203,3
DA:204,3
DA:205,3
DA:206,3
DA:213,3
DA:215,3
DA:221,3
DA:227,3
DA:229,3
DA:233,3
DA:235,3
DA:237,3
DA:238,3
DA:240,3
DA:241,3
DA:242,0
DA:243,0
DA:245,0
DA:248,3
DA:255,3
DA:256,3
DA:261,3
DA:263,3
DA:265,3
DA:274,3
DA:275,0
DA:278,3
DA:279,0
DA:281,3
DA:289,3
DA:290,0
DA:292,3
DA:294,0
DA:301,12
DA:305,6
DA:306,6
DA:308,6
DA:314,6
DA:316,6
DA:317,6
DA:319,6
DA:323,3
DA:325,3
DA:326,0
DA:329,3
DA:330,0
DA:334,3
DA:340,3
DA:344,3
DA:346,0
DA:347,0
DA:348,0
DA:351,0
DA:352,3
DA:353,0
DA:357,3
DA:361,3
DA:362,3
DA:363,2
DA:369,3
DA:374,3
DA:388,3
DA:392,3
DA:394,0
DA:400,3
DA:402,3
DA:403,3
DA:404,3
DA:412,0
DA:413,0
DA:420,0
DA:421,0
DA:423,0
DA:433,1
LF:145
LH:102
BRDA:27,0,0,12
BRDA:27,0,1,6
BRDA:65,1,0,0
BRDA:65,1,1,4
BRDA:75,2,0,0
BRDA:75,2,1,4
BRDA:84,3,0,0
BRDA:84,3,1,0
BRDA:91,4,0,0
BRDA:91,4,1,0
BRDA:173,5,0,1
BRDA:173,5,1,2
BRDA:173,6,0,3
BRDA:173,6,1,3
BRDA:175,7,0,0
BRDA:175,7,1,3
BRDA:175,8,0,3
BRDA:175,8,1,3
BRDA:179,9,0,3
BRDA:179,9,1,0
BRDA:180,10,0,0
BRDA:180,10,1,3
BRDA:184,11,0,3
BRDA:184,11,1,0
BRDA:184,12,0,3
BRDA:184,12,1,3
BRDA:187,13,0,3
BRDA:187,13,1,0
BRDA:202,14,0,2
BRDA:202,14,1,1
BRDA:202,15,0,3
BRDA:202,15,1,3
BRDA:203,16,0,0
BRDA:203,16,1,3
BRDA:203,17,0,3
BRDA:203,17,1,3
BRDA:205,18,0,0
BRDA:205,18,1,3
BRDA:205,19,0,3
BRDA:205,19,1,3
BRDA:235,20,0,2
BRDA:235,20,1,1
BRDA:235,21,0,3
BRDA:235,21,1,3
BRDA:237,22,0,0
BRDA:237,22,1,3
BRDA:237,23,0,3
BRDA:237,23,1,3
BRDA:240,24,0,2
BRDA:240,24,1,1
BRDA:240,25,0,3
BRDA:240,25,1,3
BRDA:241,26,0,0
BRDA:241,26,1,3
BRDA:242,27,0,0
BRDA:242,27,1,0
BRDA:263,28,0,3
BRDA:263,28,1,0
BRDA:274,29,0,0
BRDA:274,29,1,3
BRDA:278,30,0,0
BRDA:278,30,1,3
BRDA:289,31,0,0
BRDA:289,31,1,3
BRDA:289,32,0,3
BRDA:289,32,1,3
BRDA:325,33,0,0
BRDA:325,33,1,3
BRDA:329,34,0,0
BRDA:329,34,1,3
BRDA:344,35,0,0
BRDA:344,35,1,3
BRDA:344,36,0,3
BRDA:344,36,1,3
BRDA:352,37,0,0
BRDA:352,37,1,3
BRDA:362,38,0,2
BRDA:362,38,1,1
BRDA:388,39,0,3
BRDA:388,39,1,0
BRDA:420,40,0,0
BRDA:420,40,1,0
BRF:82
BRH:54
end_of_record
TN:
SF:src/TypedData/Eip712Types.ts
FN:13,(anonymous_0)
FN:15,(anonymous_1)
FN:21,(anonymous_2)
FN:25,(anonymous_3)
FN:29,(anonymous_4)
FN:33,(anonymous_5)
FN:106,(anonymous_6)
FNF:7
FNH:7
FNDA:8,(anonymous_0)
FNDA:19,(anonymous_1)
FNDA:55,(anonymous_2)
FNDA:16,(anonymous_3)
FNDA:8,(anonymous_4)
FNDA:8,(anonymous_5)
FNDA:7,(anonymous_6)
DA:4,1
DA:8,1
DA:14,8
DA:16,19
DA:17,19
DA:18,19
DA:19,19
DA:20,19
DA:21,19
DA:22,55
DA:23,55
DA:24,20
DA:25,8
DA:26,16
DA:29,8
DA:30,8
DA:33,8
DA:34,8
DA:37,8
DA:38,7
DA:42,1
DA:43,0
DA:47,1
DA:48,0
DA:58,1
DA:59,1
DA:63,1
DA:69,12
DA:77,12
DA:81,54
DA:82,34
DA:87,54
DA:88,0
DA:93,54
DA:94,1
DA:103,19
DA:109,7
DA:110,0
DA:117,7
DA:118,7
DA:119,7
DA:122,7
DA:126,7
DA:133,1
LF:44
LH:40
BRDA:23,0,0,20
BRDA:23,0,1,35
BRDA:24,1,0,8
BRDA:24,1,1,12
BRDA:25,2,0,8
BRDA:25,2,1,8
BRDA:29,3,0,8
BRDA:29,3,1,8
BRDA:33,4,0,8
BRDA:33,4,1,8
BRDA:37,5,0,7
BRDA:37,5,1,1
BRDA:42,6,0,0
BRDA:42,6,1,1
BRDA:47,7,0,0
BRDA:47,7,1,1
BRDA:81,8,0,34
BRDA:81,8,1,20
BRDA:87,9,0,0
BRDA:87,9,1,54
BRDA:93,10,0,1
BRDA:93,10,1,53
BRDA:109,11,0,0
BRDA:109,11,1,7
BRF:24
BRH:20
end_of_record
TN:
SF:src/utils/index.ts
FN:1,w3cDate
FNF:1
FNH:1
FNDA:3,w3cDate
DA:1,1
DA:2,3
DA:3,3
DA:4,3
DA:6,3
DA:7,3
LF:6
LH:6
BRDA:3,0,0,3
BRDA:3,0,1,0
BRDA:3,1,0,3
BRDA:3,1,1,0
BRF:4
BRH:2
end_of_record
